<?xml version="1.0" encoding="UTF-8"?>
<testsuite name="HelloWorldTest" tests="1" skipped="0" failures="0" errors="0" timestamp="2020-05-02T04:04:12" hostname="LAPTOP-TKKQTL44" time="0.036">
  <properties/>
  <testcase name="helloWorldTest" classname="HelloWorldTest" time="0.036"/>
  <system-out><![CDATA[]]></system-out>
  <system-err><![CDATA[]]></system-err>
</testsuite>
