<?xml version="1.0" encoding="UTF-8"?>
<testsuite name="PangramTest" tests="10" skipped="0" failures="0" errors="0" timestamp="2020-05-05T05:50:03" hostname="LAPTOP-TKKQTL44" time="0.039">
  <properties/>
  <testcase name="missingTheLetterH" classname="PangramTest" time="0.035"/>
  <testcase name="missingTheLetterX" classname="PangramTest" time="0.0"/>
  <testcase name="emptySentence" classname="PangramTest" time="0.001"/>
  <testcase name="missingLettersReplacedByNumbers" classname="PangramTest" time="0.0"/>
  <testcase name="withNumbers" classname="PangramTest" time="0.0"/>
  <testcase name="mixedCaseAndPunctuation" classname="PangramTest" time="0.001"/>
  <testcase name="caseInsensitive" classname="PangramTest" time="0.0"/>
  <testcase name="withUnderscores" classname="PangramTest" time="0.001"/>
  <testcase name="onlyLowerCase" classname="PangramTest" time="0.0"/>
  <testcase name="perfectLowerCase" classname="PangramTest" time="0.0"/>
  <system-out><![CDATA[]]></system-out>
  <system-err><![CDATA[]]></system-err>
</testsuite>
