<?xml version="1.0" encoding="UTF-8"?>
<testsuite name="ReverseStringTest" tests="7" skipped="0" failures="0" errors="0" timestamp="2020-05-02T05:24:52" hostname="LAPTOP-TKKQTL44" time="0.039">
  <properties/>
  <testcase name="single word" classname="ReverseStringTest" time="0.036"/>
  <testcase name="sentence with punctuation" classname="ReverseStringTest" time="0.0"/>
  <testcase name="even-sized word" classname="ReverseStringTest" time="0.001"/>
  <testcase name="capitalized word" classname="ReverseStringTest" time="0.0"/>
  <testcase name="empty string" classname="ReverseStringTest" time="0.0"/>
  <testcase name="apply twice" classname="ReverseStringTest" time="0.0"/>
  <testcase name="palindrome word" classname="ReverseStringTest" time="0.0"/>
  <system-out><![CDATA[]]></system-out>
  <system-err><![CDATA[]]></system-err>
</testsuite>
