<?xml version="1.0" encoding="UTF-8"?>
<testsuite name="ResistorColorDuoTest" tests="5" skipped="0" failures="0" errors="0" timestamp="2020-05-02T10:13:56" hostname="LAPTOP-TKKQTL44" time="0.03">
  <properties/>
  <testcase name="ignore additional colors" classname="ResistorColorDuoTest" time="0.029"/>
  <testcase name="yellow and violet" classname="ResistorColorDuoTest" time="0.0"/>
  <testcase name="brown and black" classname="ResistorColorDuoTest" time="0.0"/>
  <testcase name="blue and grey" classname="ResistorColorDuoTest" time="0.0"/>
  <testcase name="orange and orange" classname="ResistorColorDuoTest" time="0.0"/>
  <system-out><![CDATA[]]></system-out>
  <system-err><![CDATA[]]></system-err>
</testsuite>
