<?xml version="1.0" encoding="UTF-8"?>
<testsuite name="GigasecondTest" tests="5" skipped="0" failures="0" errors="0" timestamp="2020-05-09T10:33:19" hostname="LAPTOP-TKKQTL44" time="0.057">
  <properties/>
  <testcase name="full time specified" classname="GigasecondTest" time="0.052"/>
  <testcase name="date only specification of time" classname="GigasecondTest" time="0.002"/>
  <testcase name="full time with day roll-over" classname="GigasecondTest" time="0.0"/>
  <testcase name="second test for date only specification of time" classname="GigasecondTest" time="0.0"/>
  <testcase name="third test for date only specification of time" classname="GigasecondTest" time="0.0"/>
  <system-out><![CDATA[]]></system-out>
  <system-err><![CDATA[]]></system-err>
</testsuite>
